c:\users\salvador ventura\documents\visual studio 2015\projects\figuaras aleatorias\project3\debug\vc140.pdb
c:\users\salvador ventura\documents\visual studio 2015\projects\figuaras aleatorias\project3\debug\myform.obj
c:\users\salvador ventura\documents\visual studio 2015\projects\figuaras aleatorias\project3\debug\circulo.obj
c:\users\salvador ventura\documents\visual studio 2015\projects\figuaras aleatorias\project3\debug\arreglo.obj
c:\users\salvador ventura\documents\visual studio 2015\projects\figuaras aleatorias\project3\debug\.netframework,version=v4.5.2.assemblyattributes.obj
c:\users\salvador ventura\documents\visual studio 2015\projects\figuaras aleatorias\project3\debug\.netframework,version=v4.5.2.assemblyattributes.asm
c:\users\salvador ventura\desktop\figuaras aleatorias\project3\debug\vc140.pdb
c:\users\salvador ventura\desktop\figuaras aleatorias\project3\debug\myform.obj
c:\users\salvador ventura\desktop\figuaras aleatorias\project3\debug\circulo.obj
c:\users\salvador ventura\desktop\figuaras aleatorias\project3\debug\arreglo.obj
c:\users\salvador ventura\desktop\figuaras aleatorias\project3\debug\moneda.obj
c:\users\salvador ventura\desktop\figuaras aleatorias\project3\debug\mapa.obj
c:\users\salvador ventura\documents\visual studio 2015\projects\figuaras aleatorias\debug\project3.exe
c:\users\salvador ventura\documents\visual studio 2015\projects\figuaras aleatorias\debug\project3.pdb
c:\users\salvador ventura\documents\visual studio 2015\projects\figuaras aleatorias\project3\debug\project3.tlog\metagen.write.1.tlog
c:\users\salvador ventura\documents\visual studio 2015\projects\figuaras aleatorias\project3\debug\project3.myform.resources
c:\users\salvador ventura\desktop\figuaras aleatorias\project3\debug\project3.myform.resources
c:\users\salvador ventura\desktop\figuaras aleatorias\project3\debug\project3.vcxproj.generateresource.cache
c:\users\salvador ventura\desktop\figuaras aleatorias\project3\debug\project3.vcxprojresolveassemblyreference.cache
c:\users\salvador ventura\desktop\figuaras aleatorias\project3\debug\.netframework,version=v4.5.2.assemblyattributes.obj
c:\users\salvador ventura\desktop\figuaras aleatorias\project3\debug\.netframework,version=v4.5.assemblyattributes.obj
c:\users\salvador ventura\desktop\figuaras aleatorias\project3\debug\vc120.pdb
c:\users\salvador ventura\desktop\figuaras aleatorias\debug\project3.pdb
c:\users\salvador ventura\desktop\figuaras aleatorias\project3\debug\project3.tlog\cl.command.1.tlog
c:\users\salvador ventura\desktop\figuaras aleatorias\project3\debug\project3.tlog\cl.read.1.tlog
c:\users\salvador ventura\desktop\figuaras aleatorias\project3\debug\project3.tlog\cl.write.1.tlog
c:\users\salvador ventura\desktop\figuaras aleatorias\project3\debug\project3.tlog\link.7952-cvtres.read.1.tlog
c:\users\salvador ventura\desktop\figuaras aleatorias\project3\debug\project3.tlog\link.7952-cvtres.write.1.tlog
c:\users\salvador ventura\desktop\figuaras aleatorias\project3\debug\project3.tlog\link.7952-rc.read.1.tlog
c:\users\salvador ventura\desktop\figuaras aleatorias\project3\debug\project3.tlog\link.7952-rc.write.1.tlog
c:\users\salvador ventura\desktop\figuaras aleatorias\project3\debug\project3.tlog\link.7952.read.1.tlog
c:\users\salvador ventura\desktop\figuaras aleatorias\project3\debug\project3.tlog\link.7952.write.1.tlog
c:\users\salvador ventura\desktop\figuaras aleatorias\project3\debug\project3.tlog\link.command.1.tlog
c:\users\salvador ventura\desktop\figuaras aleatorias\project3\debug\project3.tlog\link.read.1.tlog
c:\users\salvador ventura\desktop\figuaras aleatorias\project3\debug\project3.tlog\link.write.1.tlog
c:\users\salvador ventura\desktop\figuaras aleatorias\project3\debug\project3.tlog\metagen.read.1.tlog
c:\users\salvador ventura\desktop\figuaras aleatorias\project3\debug\project3.tlog\metagen.write.1.tlog
c:\users\salvador ventura\desktop\figuaras aleatorias\project3\debug\project3.tlog\project3.write.1u.tlog
c:\users\salvador ventura\desktop\figuaras aleatorias\project3\debug\project3.tlog\system.data.dll.metagen
c:\users\salvador ventura\desktop\figuaras aleatorias\project3\debug\project3.tlog\system.dll.metagen
c:\users\salvador ventura\desktop\figuaras aleatorias\project3\debug\project3.tlog\system.drawing.dll.metagen
c:\users\salvador ventura\desktop\figuaras aleatorias\project3\debug\project3.tlog\system.windows.forms.dll.metagen
c:\users\salvador ventura\desktop\figuaras aleatorias\project3\debug\project3.tlog\system.xml.dll.metagen
c:\users\salvador ventura\desktop\figuaras aleatorias\project3\debug\project3.tlog\tzres.dll.bi
